<?xml version="1.0" encoding="UTF-8" ?>
<testsuite errors="0" failures="0" hostname="LAPTOP-BC5KSIQK" name="RationalTest" skipped="0" tests="7" time="0.149" timestamp="2023-09-16T15:22:33">
  <properties>
[...]
</properties>
  <testcase classname="RationalTest" name="testAdd" time="0.015" />
  <testcase classname="RationalTest" name="testSubtract" time="0.0" />
  <testcase classname="RationalTest" name="testCompareTo" time="0.0" />
  <testcase classname="RationalTest" name="testTestToString" time="0.005" />
  <testcase classname="RationalTest" name="testTestEquals" time="0.0" />
  <testcase classname="RationalTest" name="testDivide" time="0.0" />
  <testcase classname="RationalTest" name="testMultiply" time="0.0" />
  <system-out><![CDATA[]]></system-out>
  <system-err><![CDATA[]]></system-err>
</testsuite>
